Classic Timing Analyzer report for L1C019
Wed Oct 09 20:34:16 2013
Quartus II Version 9.0 Build 235 06/17/2009 Service Pack 2 SJ Web Edition


---------------------
; Table of Contents ;
---------------------
  1. Legal Notice
  2. Timing Analyzer Summary
  3. Timing Analyzer Settings
  4. Parallel Compilation
  5. tpd
  6. Timing Analyzer Messages



----------------
; Legal Notice ;
----------------
Copyright (C) 1991-2009 Altera Corporation
Your use of Altera Corporation's design tools, logic functions 
and other software and tools, and its AMPP partner logic 
functions, and any output files from any of the foregoing 
(including device programming or simulation files), and any 
associated documentation or information are expressly subject 
to the terms and conditions of the Altera Program License 
Subscription Agreement, Altera MegaCore Function License 
Agreement, or other applicable license agreement, including, 
without limitation, that your use is for the sole purpose of 
programming logic devices manufactured by Altera and sold by 
Altera or its authorized distributors.  Please refer to the 
applicable agreement for further details.



+--------------------------------------------------------------------------------------------------------------------------+
; Timing Analyzer Summary                                                                                                  ;
+------------------------------+-------+---------------+-------------+------+-------+------------+----------+--------------+
; Type                         ; Slack ; Required Time ; Actual Time ; From ; To    ; From Clock ; To Clock ; Failed Paths ;
+------------------------------+-------+---------------+-------------+------+-------+------------+----------+--------------+
; Worst-case tpd               ; N/A   ; None          ; 12.504 ns   ; SW0  ; Hex05 ; --         ; --       ; 0            ;
; Total number of failed paths ;       ;               ;             ;      ;       ;            ;          ; 0            ;
+------------------------------+-------+---------------+-------------+------+-------+------------+----------+--------------+


+--------------------------------------------------------------------------------------------------------------------+
; Timing Analyzer Settings                                                                                           ;
+---------------------------------------------------------------------+--------------------+------+----+-------------+
; Option                                                              ; Setting            ; From ; To ; Entity Name ;
+---------------------------------------------------------------------+--------------------+------+----+-------------+
; Device Name                                                         ; EP2C20F484C7       ;      ;    ;             ;
; Timing Models                                                       ; Final              ;      ;    ;             ;
; Default hold multicycle                                             ; Same as Multicycle ;      ;    ;             ;
; Cut paths between unrelated clock domains                           ; On                 ;      ;    ;             ;
; Cut off read during write signal paths                              ; On                 ;      ;    ;             ;
; Cut off feedback from I/O pins                                      ; On                 ;      ;    ;             ;
; Report Combined Fast/Slow Timing                                    ; Off                ;      ;    ;             ;
; Ignore Clock Settings                                               ; Off                ;      ;    ;             ;
; Analyze latches as synchronous elements                             ; On                 ;      ;    ;             ;
; Enable Recovery/Removal analysis                                    ; Off                ;      ;    ;             ;
; Enable Clock Latency                                                ; Off                ;      ;    ;             ;
; Use TimeQuest Timing Analyzer                                       ; Off                ;      ;    ;             ;
; Minimum Core Junction Temperature                                   ; 0                  ;      ;    ;             ;
; Maximum Core Junction Temperature                                   ; 85                 ;      ;    ;             ;
; Number of source nodes to report per destination node               ; 10                 ;      ;    ;             ;
; Number of destination nodes to report                               ; 10                 ;      ;    ;             ;
; Number of paths to report                                           ; 200                ;      ;    ;             ;
; Report Minimum Timing Checks                                        ; Off                ;      ;    ;             ;
; Use Fast Timing Models                                              ; Off                ;      ;    ;             ;
; Report IO Paths Separately                                          ; Off                ;      ;    ;             ;
; Perform Multicorner Analysis                                        ; On                 ;      ;    ;             ;
; Reports the worst-case path for each clock domain and analysis      ; Off                ;      ;    ;             ;
; Removes common clock path pessimism (CCPP) during slack computation ; Off                ;      ;    ;             ;
; Output I/O Timing Endpoint                                          ; Near End           ;      ;    ;             ;
+---------------------------------------------------------------------+--------------------+------+----+-------------+


Parallel compilation was disabled, but you have multiple processors available. Enable parallel compilation to reduce compilation time.
+-------------------------------------+
; Parallel Compilation                ;
+----------------------------+--------+
; Processors                 ; Number ;
+----------------------------+--------+
; Number detected on machine ; 4      ;
; Maximum allowed            ; 1      ;
+----------------------------+--------+


+-------------------------------------------------------------+
; tpd                                                         ;
+-------+-------------------+-----------------+------+--------+
; Slack ; Required P2P Time ; Actual P2P Time ; From ; To     ;
+-------+-------------------+-----------------+------+--------+
; N/A   ; None              ; 12.504 ns       ; SW0  ; Hex05  ;
; N/A   ; None              ; 12.496 ns       ; SW0  ; LEDR4  ;
; N/A   ; None              ; 11.881 ns       ; SW2  ; LEDR4  ;
; N/A   ; None              ; 11.860 ns       ; SW1  ; LEDR4  ;
; N/A   ; None              ; 11.825 ns       ; SW0  ; Hex0   ;
; N/A   ; None              ; 11.818 ns       ; SW1  ; Hex05  ;
; N/A   ; None              ; 11.750 ns       ; SW0  ; LEDR1  ;
; N/A   ; None              ; 11.555 ns       ; SW0  ; Hex03  ;
; N/A   ; None              ; 11.187 ns       ; SW1  ; Hex0   ;
; N/A   ; None              ; 11.129 ns       ; SW2  ; LEDR1  ;
; N/A   ; None              ; 11.112 ns       ; SW1  ; LEDR1  ;
; N/A   ; None              ; 10.917 ns       ; SW1  ; Hex03  ;
; N/A   ; None              ; 10.779 ns       ; SW0  ; LEDR8  ;
; N/A   ; None              ; 10.686 ns       ; SW0  ; Hex02  ;
; N/A   ; None              ; 10.158 ns       ; SW2  ; LEDR8  ;
; N/A   ; None              ; 10.138 ns       ; SW1  ; LEDR8  ;
; N/A   ; None              ; 10.134 ns       ; SW1  ; Hex02  ;
; N/A   ; None              ; 9.884 ns        ; SW0  ; Hex04  ;
; N/A   ; None              ; 9.649 ns        ; SW0  ; Hex191 ;
; N/A   ; None              ; 9.623 ns        ; SW0  ; Hex211 ;
; N/A   ; None              ; 9.616 ns        ; SW0  ; Hex1   ;
; N/A   ; None              ; 9.562 ns        ; SW0  ; Hex214 ;
; N/A   ; None              ; 9.561 ns        ; SW0  ; Hex212 ;
; N/A   ; None              ; 9.551 ns        ; SW0  ; Hex192 ;
; N/A   ; None              ; 9.280 ns        ; SW0  ; Hex213 ;
; N/A   ; None              ; 8.953 ns        ; SW1  ; Hex06  ;
+-------+-------------------+-----------------+------+--------+


+--------------------------+
; Timing Analyzer Messages ;
+--------------------------+
Info: *******************************************************************
Info: Running Quartus II Classic Timing Analyzer
    Info: Version 9.0 Build 235 06/17/2009 Service Pack 2 SJ Web Edition
    Info: Processing started: Wed Oct 09 20:34:16 2013
Info: Command: quartus_tan --read_settings_files=off --write_settings_files=off L1C019 -c L1C019 --timing_analysis_only
Info: Longest tpd from source pin "SW0" to destination pin "Hex05" is 12.504 ns
    Info: 1: + IC(0.000 ns) + CELL(0.863 ns) = 0.863 ns; Loc. = PIN_B6; Fanout = 14; PIN Node = 'SW0'
    Info: 2: + IC(6.013 ns) + CELL(0.545 ns) = 7.421 ns; Loc. = LCCOMB_X1_Y19_N2; Fanout = 1; COMB Node = 'inst69'
    Info: 3: + IC(2.067 ns) + CELL(3.016 ns) = 12.504 ns; Loc. = PIN_AB3; Fanout = 0; PIN Node = 'Hex05'
    Info: Total cell delay = 4.424 ns ( 35.38 % )
    Info: Total interconnect delay = 8.080 ns ( 64.62 % )
Info: Quartus II Classic Timing Analyzer was successful. 0 errors, 0 warnings
    Info: Peak virtual memory: 172 megabytes
    Info: Processing ended: Wed Oct 09 20:34:16 2013
    Info: Elapsed time: 00:00:00
    Info: Total CPU time (on all processors): 00:00:00


