Flow report for L2C019
Mon Nov 04 09:04:49 2013
Quartus II Version 9.0 Build 235 06/17/2009 Service Pack 2 SJ Web Edition


---------------------
; Table of Contents ;
---------------------
  1. Legal Notice
  2. Flow Summary
  3. Flow Settings
  4. Flow Non-Default Global Settings
  5. Flow Elapsed Time
  6. Flow OS Summary
  7. Flow Log



----------------
; Legal Notice ;
----------------
Copyright (C) 1991-2009 Altera Corporation
Your use of Altera Corporation's design tools, logic functions 
and other software and tools, and its AMPP partner logic 
functions, and any output files from any of the foregoing 
(including device programming or simulation files), and any 
associated documentation or information are expressly subject 
to the terms and conditions of the Altera Program License 
Subscription Agreement, Altera MegaCore Function License 
Agreement, or other applicable license agreement, including, 
without limitation, that your use is for the sole purpose of 
programming logic devices manufactured by Altera and sold by 
Altera or its authorized distributors.  Please refer to the 
applicable agreement for further details.



+-----------------------------------------------------------------------------------+
; Flow Summary                                                                      ;
+------------------------------------+----------------------------------------------+
; Flow Status                        ; Successful - Mon Nov 04 09:04:33 2013        ;
; Quartus II Version                 ; 9.0 Build 235 06/17/2009 SP 2 SJ Web Edition ;
; Revision Name                      ; L2C019                                       ;
; Top-level Entity Name              ; L2C019                                       ;
; Family                             ; Cyclone II                                   ;
; Device                             ; EP2C20F484C7                                 ;
; Timing Models                      ; Final                                        ;
; Met timing requirements            ; No                                           ;
; Total logic elements               ; 2,519 / 18,752 ( 13 % )                      ;
;     Total combinational functions  ; 2,512 / 18,752 ( 13 % )                      ;
;     Dedicated logic registers      ; 194 / 18,752 ( 1 % )                         ;
; Total registers                    ; 194                                          ;
; Total pins                         ; 61 / 315 ( 19 % )                            ;
; Total virtual pins                 ; 0                                            ;
; Total memory bits                  ; 0 / 239,616 ( 0 % )                          ;
; Embedded Multiplier 9-bit elements ; 4 / 52 ( 8 % )                               ;
; Total PLLs                         ; 0 / 4 ( 0 % )                                ;
+------------------------------------+----------------------------------------------+


+-----------------------------------------+
; Flow Settings                           ;
+-------------------+---------------------+
; Option            ; Setting             ;
+-------------------+---------------------+
; Start date & time ; 11/04/2013 09:03:51 ;
; Main task         ; Compilation         ;
; Revision Name     ; L2C019              ;
+-------------------+---------------------+


+---------------------------------------------------------------------------------------------------------------------+
; Flow Non-Default Global Settings                                                                                    ;
+------------------------------------+---------------------------------+---------------+-------------+----------------+
; Assignment Name                    ; Value                           ; Default Value ; Entity Name ; Section Id     ;
+------------------------------------+---------------------------------+---------------+-------------+----------------+
; COMPILER_SIGNATURE_ID              ; 159303458078294.138358462907028 ; --            ; --          ; --             ;
; MAX_CORE_JUNCTION_TEMP             ; 85                              ; --            ; --          ; --             ;
; MIN_CORE_JUNCTION_TEMP             ; 0                               ; --            ; --          ; --             ;
; MISC_FILE                          ; E:/L2C019/L2C019.dpf            ; --            ; --          ; --             ;
; PARTITION_COLOR                    ; 16764057                        ; --            ; --          ; Top            ;
; PARTITION_NETLIST_TYPE             ; SOURCE                          ; --            ; --          ; Top            ;
; USE_GENERATED_PHYSICAL_CONSTRAINTS ; Off                             ; --            ; --          ; eda_blast_fpga ;
+------------------------------------+---------------------------------+---------------+-------------+----------------+


+-----------------------------------------------------------------------------------------------------------------------------+
; Flow Elapsed Time                                                                                                           ;
+-------------------------+--------------+-------------------------+---------------------+------------------------------------+
; Module Name             ; Elapsed Time ; Average Processors Used ; Peak Virtual Memory ; Total CPU Time (on all processors) ;
+-------------------------+--------------+-------------------------+---------------------+------------------------------------+
; Analysis & Synthesis    ; 00:00:12     ; 1.0                     ; 241 MB              ; 00:00:06                           ;
; Fitter                  ; 00:00:10     ; 1.0                     ; 250 MB              ; 00:00:08                           ;
; Assembler               ; 00:00:03     ; 1.0                     ; 226 MB              ; 00:00:01                           ;
; Classic Timing Analyzer ; 00:00:05     ; 1.0                     ; 179 MB              ; 00:00:01                           ;
; Total                   ; 00:00:30     ; --                      ; --                  ; 00:00:16                           ;
+-------------------------+--------------+-------------------------+---------------------+------------------------------------+


+------------------------------------------------------------------------------------------+
; Flow OS Summary                                                                          ;
+-------------------------+------------------+---------------+------------+----------------+
; Module Name             ; Machine Hostname ; OS Name       ; OS Version ; Processor type ;
+-------------------------+------------------+---------------+------------+----------------+
; Analysis & Synthesis    ; cseesl13         ; Windows Vista ; 6.1        ; x86_64         ;
; Fitter                  ; cseesl13         ; Windows Vista ; 6.1        ; x86_64         ;
; Assembler               ; cseesl13         ; Windows Vista ; 6.1        ; x86_64         ;
; Classic Timing Analyzer ; cseesl13         ; Windows Vista ; 6.1        ; x86_64         ;
+-------------------------+------------------+---------------+------------+----------------+


------------
; Flow Log ;
------------
quartus_map --read_settings_files=on --write_settings_files=off L2C019 -c L2C019
quartus_fit --read_settings_files=off --write_settings_files=off L2C019 -c L2C019
quartus_asm --read_settings_files=off --write_settings_files=off L2C019 -c L2C019
quartus_tan --read_settings_files=off --write_settings_files=off L2C019 -c L2C019 --timing_analysis_only



